<?xml version="1.0" encoding="UTF-8"?>
<!-- Generated by org.testng.reporters.JUnitXMLReporter -->
<testsuite ignored="0" hostname="DESKTOP-AGPSRKS" failures="0" tests="3" name="Para Bank APP TransferFunds Page Test" time="16.372" errors="0" timestamp="2023-04-25T19:16:29 IST">
  <testcase classname="com.PB.pagestest.com_tranferfundTest" name="getpageurlTest" time="0.021"/>
  <testcase classname="com.PB.pagestest.com_tranferfundTest" name="pageheadertextTest" time="0.066"/>
  <testcase classname="com.PB.pagestest.com_tranferfundTest" name="Transfer_errorTest" time="5.673"/>
</testsuite> <!-- Para Bank APP TransferFunds Page Test -->
