<?xml version="1.0" encoding="UTF-8"?>
<!-- Generated by org.testng.reporters.JUnitXMLReporter -->
<testsuite ignored="0" hostname="DESKTOP-AGPSRKS" failures="0" tests="5" name="Para Bank APP Admin page Test" time="11.102" errors="0" timestamp="2023-04-25T19:17:23 IST">
  <testcase classname="com.PB.pagestest.PB_Adminpagetest" name="getadminpage_urlTest" time="0.014"/>
  <testcase classname="com.PB.pagestest.PB_Adminpagetest" name="admin_paheheaderTest" time="0.11"/>
  <testcase classname="com.PB.pagestest.PB_Adminpagetest" name="admintableheading_textTest" time="0.22"/>
  <testcase classname="com.PB.pagestest.PB_Adminpagetest" name="tablecountTest" time="0.032"/>
  <testcase classname="com.PB.pagestest.PB_Adminpagetest" name="databaseTextTest" time="0.589"/>
</testsuite> <!-- Para Bank APP Admin page Test -->
