<?xml version="1.0" encoding="UTF-8"?>
<!-- Generated by org.testng.reporters.JUnitXMLReporter -->
<testsuite ignored="0" hostname="DESKTOP-AGPSRKS" failures="0" tests="5" name="Para Bank APP Footer page Test" time="10.967" errors="0" timestamp="2023-04-25T19:17:43 IST">
  <testcase classname="com.PB.pagestest.PB_FooterpageTest" name="footer_link_countTest" time="0.049"/>
  <testcase classname="com.PB.pagestest.PB_FooterpageTest" name="footer_textTest" time="0.177"/>
  <testcase classname="com.PB.pagestest.PB_FooterpageTest" name="services_linksTest" time="0.664"/>
  <testcase classname="com.PB.pagestest.PB_FooterpageTest" name="customer_careTest" time="0.602"/>
  <testcase classname="com.PB.pagestest.PB_FooterpageTest" name="customer_care_requestTest" time="1.174"/>
</testsuite> <!-- Para Bank APP Footer page Test -->
