<?xml version="1.0" encoding="UTF-8"?>
<!-- Generated by org.testng.reporters.JUnitXMLReporter -->
<testsuite ignored="0" hostname="DESKTOP-AGPSRKS" failures="0" tests="2" name="Para Bank APP Logout Page Test" time="9.548" errors="0" timestamp="2023-04-25T19:17:11 IST">
  <testcase classname="com.PB.pagestest.PB_logout_test" name="getloginpageURLTest" time="0.019"/>
  <testcase classname="com.PB.pagestest.PB_logout_test" name="getpageTitleTest" time="0.035"/>
</testsuite> <!-- Para Bank APP Logout Page Test -->
