<?xml version="1.0" encoding="UTF-8"?>
<!-- Generated by org.testng.reporters.JUnitXMLReporter -->
<testsuite ignored="0" hostname="DESKTOP-AGPSRKS" failures="0" tests="6" name="Para Bank APP BillPay Page Test" time="11.833" errors="0" timestamp="2023-04-25T19:16:41 IST">
  <testcase classname="com.PB.pagestest.PB_billpaypagestest" name="urltest" time="0.045"/>
  <testcase classname="com.PB.pagestest.PB_billpaypagestest" name="PageheaderTest" time="0.06"/>
  <testcase classname="com.PB.pagestest.PB_billpaypagestest" name="inform_textTest" time="0.035"/>
  <testcase classname="com.PB.pagestest.PB_billpaypagestest" name="requiredfieldsTest" time="0.102"/>
  <testcase classname="com.PB.pagestest.PB_billpaypagestest" name="requiredfieldsTextTest" time="0.323"/>
  <testcase classname="com.PB.pagestest.PB_billpaypagestest" name="PaymentcompleteTest" time="1.438"/>
</testsuite> <!-- Para Bank APP BillPay Page Test -->
