<?xml version="1.0" encoding="UTF-8"?>
<!-- Generated by org.testng.reporters.JUnitXMLReporter -->
<testsuite ignored="0" hostname="DESKTOP-AGPSRKS" failures="0" tests="8" name="Para Bank APP Login Page Test" time="24.528" errors="0" timestamp="2023-04-25T19:15:25 IST">
  <testcase classname="com.PB.pagestest.PBloginpagestest" name="currenturlTest" time="0.043"/>
  <testcase classname="com.PB.pagestest.PBloginpagestest" name="headertextTest" time="0.11"/>
  <testcase classname="com.PB.pagestest.PBloginpagestest" name="errormsgTest" time="1.632"/>
  <testcase classname="com.PB.pagestest.PBloginpagestest" name="errtextTest" time="1.247"/>
  <testcase classname="com.PB.pagestest.PBloginpagestest" name="invalidloginTest" time="1.13"/>
  <testcase classname="com.PB.pagestest.PBloginpagestest" name="invalidloginTest1" time="0.698"/>
  <testcase classname="com.PB.pagestest.PBloginpagestest" name="invalidloginTest2" time="0.725"/>
  <testcase classname="com.PB.pagestest.PBloginpagestest" name="successfullLoginTest" time="1.065"/>
</testsuite> <!-- Para Bank APP Login Page Test -->
