<?xml version="1.0" encoding="UTF-8"?>
<!-- Generated by org.testng.reporters.JUnitXMLReporter -->
<testsuite ignored="0" hostname="DESKTOP-AGPSRKS" failures="0" tests="3" name="Para Bank APP Updatecontactinfo Page Test" time="11.392" errors="0" timestamp="2023-04-25T19:17:02 IST">
  <testcase classname="com.PB.pagestest.PB_updatepagestest" name="getpageurl" time="0.011"/>
  <testcase classname="com.PB.pagestest.PB_updatepagestest" name="Page_headerTest" time="0.083"/>
  <testcase classname="com.PB.pagestest.PB_updatepagestest" name="updatedSuccesfullyTest" time="1.848"/>
</testsuite> <!-- Para Bank APP Updatecontactinfo Page Test -->
