<?xml version="1.0" encoding="UTF-8"?>
<!-- Generated by org.testng.reporters.JUnitXMLReporter -->
<testsuite ignored="0" hostname="DESKTOP-AGPSRKS" failures="0" tests="5" name="Para Bank APP Home Page Test" time="11.823" errors="0" timestamp="2023-04-25T19:15:37 IST">
  <testcase classname="com.PB.pagestest.homepagetest" name="currenturlTest" time="0.033"/>
  <testcase classname="com.PB.pagestest.homepagetest" name="headertextTest" time="0.061"/>
  <testcase classname="com.PB.pagestest.homepagetest" name="totallinkscountTest" time="0.588"/>
  <testcase classname="com.PB.pagestest.homepagetest" name="headerlinkscountTest" time="0.116"/>
  <testcase classname="com.PB.pagestest.homepagetest" name="welcomelinkstextTest" time="0.163"/>
</testsuite> <!-- Para Bank APP Home Page Test -->
