<?xml version="1.0" encoding="UTF-8"?>
<!-- Generated by org.testng.reporters.JUnitXMLReporter -->
<testsuite ignored="0" hostname="DESKTOP-AGPSRKS" failures="0" tests="3" name="Para Bank APP OpenNewAccount Page Test" time="20.716" errors="0" timestamp="2023-04-25T19:15:58 IST">
  <testcase classname="com.PB.pagestest.opennew_pagestest" name="currenurlTest" time="0.027"/>
  <testcase classname="com.PB.pagestest.opennew_pagestest" name="headertextTest" time="0.076"/>
  <testcase classname="com.PB.pagestest.opennew_pagestest" name="createAccountTest" time="10.397"/>
</testsuite> <!-- Para Bank APP OpenNewAccount Page Test -->
