<?xml version="1.0" encoding="UTF-8"?>
<!-- Generated by org.testng.reporters.JUnitXMLReporter -->
<testsuite ignored="0" hostname="DESKTOP-AGPSRKS" failures="0" tests="10" name="Para Bank APP AccountOverview Page Test" time="14.997" errors="0" timestamp="2023-04-25T19:16:13 IST">
  <testcase classname="com.PB.pagestest.com_accountoverviewTest" name="currenturlTest" time="0.019"/>
  <testcase classname="com.PB.pagestest.com_accountoverviewTest" name="headertextTest" time="0.073"/>
  <testcase classname="com.PB.pagestest.com_accountoverviewTest" name="Tablecol_countTest" time="0.135"/>
  <testcase classname="com.PB.pagestest.com_accountoverviewTest" name="Tablecol_TextTest" time="0.076"/>
  <testcase classname="com.PB.pagestest.com_accountoverviewTest" name="Table_col_textTest" time="0.117"/>
  <testcase classname="com.PB.pagestest.com_accountoverviewTest" name="check_balanceTest" time="0.103"/>
  <testcase classname="com.PB.pagestest.com_accountoverviewTest" name="AccountverifyTest" time="3.609"/>
  <testcase classname="com.PB.pagestest.com_accountoverviewTest" name="Acc_headerTest" time="0.04"/>
  <testcase classname="com.PB.pagestest.com_accountoverviewTest" name="AccountTypeverifyTest" time="0.043"/>
  <testcase classname="com.PB.pagestest.com_accountoverviewTest" name="acc_activityTest" time="0.97"/>
</testsuite> <!-- Para Bank APP AccountOverview Page Test -->
