<?xml version="1.0" encoding="UTF-8"?>
<!-- Generated by org.testng.reporters.JUnitXMLReporter -->
<testsuite ignored="0" hostname="DESKTOP-AGPSRKS" failures="0" tests="4" name="Para Bank APP service page Test" time="9.898" errors="0" timestamp="2023-04-25T19:17:33 IST">
  <testcase classname="com.PB.pagestest.PB_servicepagetest" name="getcurrent_urlTest" time="0.009"/>
  <testcase classname="com.PB.pagestest.PB_servicepagetest" name="last_table_headingTest" time="0.077"/>
  <testcase classname="com.PB.pagestest.PB_servicepagetest" name="tablecountTest" time="0.024"/>
  <testcase classname="com.PB.pagestest.PB_servicepagetest" name="Table1textTest" time="0.228"/>
</testsuite> <!-- Para Bank APP service page Test -->
