<?xml version="1.0" encoding="UTF-8"?>
<!-- Generated by org.testng.reporters.JUnitXMLReporter -->
<testsuite ignored="0" hostname="DESKTOP-AGPSRKS" failures="0" tests="5" name="Para Bank APP AboutUs Page Test" time="10.228" errors="0" timestamp="2023-04-25T19:17:54 IST">
  <testcase classname="com.PB.pagestest.PB_AboutUsPageTest" name="geturlTest" time="0.012"/>
  <testcase classname="com.PB.pagestest.PB_AboutUsPageTest" name="headerTest" time="0.064"/>
  <testcase classname="com.PB.pagestest.PB_AboutUsPageTest" name="linkTest" time="0.061"/>
  <testcase classname="com.PB.pagestest.PB_AboutUsPageTest" name="aboutus_textTest" time="0.045"/>
  <testcase classname="com.PB.pagestest.PB_AboutUsPageTest" name="customer_noTest" time="0.033"/>
</testsuite> <!-- Para Bank APP AboutUs Page Test -->
