<?xml version="1.0" encoding="UTF-8"?>
<!-- Generated by org.testng.reporters.JUnitXMLReporter -->
<testsuite ignored="0" hostname="DESKTOP-AGPSRKS" failures="0" tests="5" name="Default test" time="21.015" errors="0" timestamp="2023-04-25T11:33:07 IST">
  <testcase classname="com.PB.pagestest.PB_FooterpageTest" name="footer_link_countTest" time="0.04"/>
  <testcase classname="com.PB.pagestest.PB_FooterpageTest" name="footer_textTest" time="0.172"/>
  <testcase classname="com.PB.pagestest.PB_FooterpageTest" name="services_linksTest" time="1.471"/>
  <testcase classname="com.PB.pagestest.PB_FooterpageTest" name="customer_careTest" time="0.589"/>
  <testcase classname="com.PB.pagestest.PB_FooterpageTest" name="customer_care_requestTest" time="1.215"/>
</testsuite> <!-- Default test -->
