<?xml version="1.0" encoding="UTF-8"?>
<!-- Generated by org.testng.reporters.JUnitXMLReporter -->
<testsuite ignored="0" hostname="DESKTOP-AGPSRKS" failures="0" tests="5" name="PB_HOMEPAGE_TESTING" time="7.514" errors="0" timestamp="2023-04-12T10:44:13 IST">
  <testcase classname="com.PB.pagestest.homepagetest" name="geturltest" time="0.012"/>
  <testcase classname="com.PB.pagestest.homepagetest" name="headertexttest" time="0.038"/>
  <testcase classname="com.PB.pagestest.homepagetest" name="total_linktest" time="0.616"/>
  <testcase classname="com.PB.pagestest.homepagetest" name="header_linktest" time="0.106"/>
  <testcase classname="com.PB.pagestest.homepagetest" name="center_linktest" time="0.107"/>
</testsuite> <!-- PB_HOMEPAGE_TESTING -->
