<?xml version="1.0" encoding="UTF-8"?>
<!-- Generated by org.testng.reporters.JUnitXMLReporter -->
<testsuite ignored="0" hostname="DESKTOP-AGPSRKS" failures="0" tests="3" name="PB_LOGIN_TESTING" time="14.036" errors="0" timestamp="2023-04-12T10:44:06 IST">
  <testcase classname="com.PB.pagestest.PBloginpagestest" name="getcurrenttest" time="0.02"/>
  <testcase classname="com.PB.pagestest.PBloginpagestest" name="headertest" time="0.06"/>
  <testcase classname="com.PB.pagestest.PBloginpagestest" name="loginpagetest" time="1.658"/>
</testsuite> <!-- PB_LOGIN_TESTING -->
